<?xml version="1.0" encoding="UTF-8"?>
<coverage generated="1574553666882" clover="3.2.0">
  <project timestamp="1574553666882" name="All files">
    <metrics statements="22" coveredstatements="22" conditionals="3" coveredconditionals="3" methods="7" coveredmethods="7" elements="32" coveredelements="32" complexity="0" loc="22" ncloc="22" packages="1" files="3" classes="3"/>
    <file name="en.ts" path="/Users/anthonynahas/git/angular-material-extensions/select-county/projects/angular-material-extensions/select-country/src/lib/en.ts">
      <metrics statements="1" coveredstatements="1" conditionals="0" coveredconditionals="0" methods="0" coveredmethods="0"/>
      <line num="3" count="1" type="stmt"/>
    </file>
    <file name="mat-select-country.component.html" path="/Users/anthonynahas/git/angular-material-extensions/select-county/projects/angular-material-extensions/select-country/src/lib/mat-select-country.component.html">
      <metrics statements="1" coveredstatements="1" conditionals="0" coveredconditionals="0" methods="0" coveredmethods="0"/>
      <line num="1" count="1" type="stmt"/>
    </file>
    <file name="mat-select-country.component.ts" path="/Users/anthonynahas/git/angular-material-extensions/select-county/projects/angular-material-extensions/select-country/src/lib/mat-select-country.component.ts">
      <metrics statements="20" coveredstatements="20" conditionals="3" coveredconditionals="3" methods="7" coveredmethods="7"/>
      <line num="1" count="1" type="stmt"/>
      <line num="2" count="1" type="stmt"/>
      <line num="3" count="1" type="stmt"/>
      <line num="5" count="1" type="stmt"/>
      <line num="28" count="1" type="stmt"/>
      <line num="30" count="5" type="stmt"/>
      <line num="31" count="1" type="stmt"/>
      <line num="32" count="1" type="stmt"/>
      <line num="33" count="1" type="stmt"/>
      <line num="34" count="1" type="stmt"/>
      <line num="36" count="5" type="stmt"/>
      <line num="38" count="5" type="stmt"/>
      <line num="40" count="5" type="stmt"/>
      <line num="44" count="5" type="stmt"/>
      <line num="47" count="8" type="stmt"/>
      <line num="52" count="8" type="stmt"/>
      <line num="54" count="8" type="stmt"/>
      <line num="55" count="1184" type="cond" truecount="3" falsecount="0"/>
      <line num="63" count="55" type="stmt"/>
      <line num="64" count="1" type="stmt"/>
    </file>
  </project>
</coverage>
