{"/Users/anthonynahas/git/angular-material-extensions/select-county/projects/angular-material-extensions/select-country/src/lib/db.ts": {"path":"/Users/anthonynahas/git/angular-material-extensions/select-county/projects/angular-material-extensions/select-country/src/lib/db.ts","statementMap":{"0":{"start":{"line":3,"column":13},"end":{"line":893,"column":4}}},"fnMap":{},"branchMap":{},"s":{"0":1},"f":{},"b":{}}
,"/Users/anthonynahas/git/angular-material-extensions/select-county/projects/angular-material-extensions/select-country/src/lib/mat-select-country.component.html": {"data":{"path":"/Users/anthonynahas/git/angular-material-extensions/select-county/projects/angular-material-extensions/select-country/src/lib/mat-select-country.component.html","statementMap":{"0":{"start":{"line":1,"column":0},"end":{"line":1,"column":912}}},"fnMap":{},"branchMap":{},"s":{"0":1},"f":{},"b":{},"_coverageSchema":"43e27e138ebf9cfc5966b082cf9a028302ed4184","hash":"49e1fdb12f018c1029c5a32022c7f558f44ba3a2"}}
,"/Users/anthonynahas/git/angular-material-extensions/select-county/projects/angular-material-extensions/select-country/src/lib/mat-select-country.component.ts": {"path":"/Users/anthonynahas/git/angular-material-extensions/select-county/projects/angular-material-extensions/select-country/src/lib/mat-select-country.component.ts","statementMap":{"0":{"start":{"line":1,"column":0},"end":{"line":1,"column":77}},"1":{"start":{"line":2,"column":0},"end":{"line":2,"column":43}},"2":{"start":{"line":3,"column":0},"end":{"line":3,"column":34}},"3":{"start":{"line":5,"column":0},"end":{"line":5,"column":46}},"4":{"start":{"line":28,"column":0},"end":{"line":68,"column":null}},"5":{"start":{"line":30,"column":11},"end":{"line":30,"column":42}},"6":{"start":{"line":36,"column":12},"end":{"line":36,"column":83}},"7":{"start":{"line":38,"column":2},"end":{"line":38,"column":41}},"8":{"start":{"line":40,"column":2},"end":{"line":40,"column":38}},"9":{"start":{"line":44,"column":4},"end":{"line":48,"column":8}},"10":{"start":{"line":47,"column":21},"end":{"line":47,"column":40}},"11":{"start":{"line":52,"column":24},"end":{"line":52,"column":43}},"12":{"start":{"line":54,"column":4},"end":{"line":58,"column":6}},"13":{"start":{"line":55,"column":6},"end":{"line":57,"column":62}},"14":{"start":{"line":63,"column":4},"end":{"line":63,"column":96}},"15":{"start":{"line":63,"column":58},"end":{"line":63,"column":94}},"16":{"start":{"line":64,"column":4},"end":{"line":64,"column":59}},"17":{"start":{"line":65,"column":4},"end":{"line":65,"column":54}},"18":{"start":{"line":30,"column":11},"end":{"line":30,"column":null}},"19":{"start":{"line":31,"column":11},"end":{"line":31,"column":null}},"20":{"start":{"line":32,"column":11},"end":{"line":32,"column":null}},"21":{"start":{"line":33,"column":11},"end":{"line":33,"column":null}},"22":{"start":{"line":34,"column":11},"end":{"line":34,"column":null}},"23":{"start":{"line":36,"column":12},"end":{"line":36,"column":null}},"24":{"start":{"line":28,"column":13},"end":{"line":68,"column":null}},"25":{"start":{"line":28,"column":13},"end":{"line":28,"column":38}}},"fnMap":{"0":{"name":"(anonymous_0)","decl":{"start":{"line":23,"column":0},"end":{"line":23,"column":1}},"loc":{"start":{"line":23,"column":0},"end":{"line":68,"column":1}}},"1":{"name":"(anonymous_1)","decl":{"start":{"line":43,"column":2},"end":{"line":43,"column":10}},"loc":{"start":{"line":43,"column":10},"end":{"line":49,"column":3}}},"2":{"name":"(anonymous_2)","decl":{"start":{"line":47,"column":12},"end":{"line":47,"column":17}},"loc":{"start":{"line":47,"column":21},"end":{"line":47,"column":40}}},"3":{"name":"(anonymous_3)","decl":{"start":{"line":51,"column":10},"end":{"line":51,"column":17}},"loc":{"start":{"line":51,"column":31},"end":{"line":59,"column":3}}},"4":{"name":"(anonymous_4)","decl":{"start":{"line":54,"column":33},"end":{"line":54,"column":34}},"loc":{"start":{"line":55,"column":6},"end":{"line":57,"column":62}}},"5":{"name":"(anonymous_5)","decl":{"start":{"line":62,"column":2},"end":{"line":62,"column":19}},"loc":{"start":{"line":62,"column":56},"end":{"line":67,"column":3}}},"6":{"name":"(anonymous_6)","decl":{"start":{"line":63,"column":47},"end":{"line":63,"column":54}},"loc":{"start":{"line":63,"column":58},"end":{"line":63,"column":94}}}},"branchMap":{"0":{"loc":{"start":{"line":55,"column":6},"end":{"line":55,"column":53}},"type":"binary-expr","locations":[{"start":{"line":55,"column":6},"end":{"line":55,"column":53}},{"start":{"line":56,"column":9},"end":{"line":56,"column":62}},{"start":{"line":57,"column":9},"end":{"line":57,"column":62}}]}},"s":{"0":1,"1":1,"2":1,"3":1,"4":1,"5":0,"6":0,"7":0,"8":0,"9":0,"10":0,"11":0,"12":0,"13":0,"14":0,"15":0,"16":0,"17":0,"18":1,"19":1,"20":1,"21":1,"22":1,"23":1,"24":1,"25":1},"f":{"0":0,"1":0,"2":0,"3":0,"4":0,"5":0,"6":0},"b":{"0":[0,0,0]}}
}
