TN:
SF:/Users/anthonynahas/git/angular-material-extensions/select-county/projects/angular-material-extensions/select-country/src/lib/db.ts
FNF:0
FNH:0
DA:3,1
LF:1
LH:1
BRF:0
BRH:0
end_of_record
TN:
SF:/Users/anthonynahas/git/angular-material-extensions/select-county/projects/angular-material-extensions/select-country/src/lib/mat-select-country.component.html
FNF:0
FNH:0
DA:1,1
LF:1
LH:1
BRF:0
BRH:0
end_of_record
TN:
SF:/Users/anthonynahas/git/angular-material-extensions/select-county/projects/angular-material-extensions/select-country/src/lib/mat-select-country.component.ts
FN:23,(anonymous_0)
FN:43,(anonymous_1)
FN:47,(anonymous_2)
FN:51,(anonymous_3)
FN:54,(anonymous_4)
FN:62,(anonymous_5)
FN:63,(anonymous_6)
FNF:7
FNH:0
FNDA:0,(anonymous_0)
FNDA:0,(anonymous_1)
FNDA:0,(anonymous_2)
FNDA:0,(anonymous_3)
FNDA:0,(anonymous_4)
FNDA:0,(anonymous_5)
FNDA:0,(anonymous_6)
DA:1,1
DA:2,1
DA:3,1
DA:5,1
DA:28,1
DA:30,1
DA:31,1
DA:32,1
DA:33,1
DA:34,1
DA:36,1
DA:38,0
DA:40,0
DA:44,0
DA:47,0
DA:52,0
DA:54,0
DA:55,0
DA:63,0
DA:64,0
DA:65,0
LF:21
LH:11
BRDA:55,0,0,0
BRDA:55,0,1,0
BRDA:55,0,2,0
BRF:3
BRH:0
end_of_record
