TN:
SF:/Users/anthonynahas/git/angular-material-extensions/select-county/projects/angular-material-extensions/select-country/src/lib/en.ts
FNF:0
FNH:0
DA:3,1
LF:1
LH:1
BRF:0
BRH:0
end_of_record
TN:
SF:/Users/anthonynahas/git/angular-material-extensions/select-county/projects/angular-material-extensions/select-country/src/lib/mat-select-country.component.html
FNF:0
FNH:0
DA:1,1
LF:1
LH:1
BRF:0
BRH:0
end_of_record
TN:
SF:/Users/anthonynahas/git/angular-material-extensions/select-county/projects/angular-material-extensions/select-country/src/lib/mat-select-country.component.ts
FN:23,(anonymous_0)
FN:43,(anonymous_1)
FN:47,(anonymous_2)
FN:51,(anonymous_3)
FN:54,(anonymous_4)
FN:62,(anonymous_5)
FN:63,(anonymous_6)
FNF:7
FNH:7
FNDA:5,(anonymous_0)
FNDA:5,(anonymous_1)
FNDA:8,(anonymous_2)
FNDA:8,(anonymous_3)
FNDA:1184,(anonymous_4)
FNDA:1,(anonymous_5)
FNDA:55,(anonymous_6)
DA:1,1
DA:2,1
DA:3,1
DA:5,1
DA:28,1
DA:30,5
DA:31,1
DA:32,1
DA:33,1
DA:34,1
DA:36,5
DA:38,5
DA:40,5
DA:44,5
DA:47,8
DA:52,8
DA:54,8
DA:55,1184
DA:63,55
DA:64,1
LF:20
LH:20
BRDA:55,0,0,1184
BRDA:55,0,1,439
BRDA:55,0,2,439
BRF:3
BRH:3
end_of_record
